/Users/hashan/.local/share/mise/installs/ruby/3.4.7/lib/ruby/gems/3.4.0/gems/activerecord-8.1.2/lib/active_record/enum.rb:217:in 'enum': wrong number of arguments (given 0, expected 1..2) (ArgumentError)
	from /Users/hashan/Development/multimediary/backend/app/models/user.rb:9:in '<class:User>'
	from /Users/hashan/Development/multimediary/backend/app/models/user.rb:1:in '<main>'
	from /Users/hashan/.local/share/mise/installs/ruby/3.4.7/lib/ruby/3.4.0/bundled_gems.rb:82:in 'Kernel.require'
	from /Users/hashan/.local/share/mise/installs/ruby/3.4.7/lib/ruby/3.4.0/bundled_gems.rb:82:in 'block (2 levels) in Kernel#replace_require'
	from /Users/hashan/.local/share/mise/installs/ruby/3.4.7/lib/ruby/gems/3.4.0/gems/bootsnap-1.21.1/lib/bootsnap/load_path_cache/core_ext/kernel_require.rb:33:in 'Kernel#require'
	from /Users/hashan/.local/share/mise/installs/ruby/3.4.7/lib/ruby/gems/3.4.0/gems/zeitwerk-2.7.4/lib/zeitwerk/core_ext/kernel.rb:26:in 'Kernel#require'
	from /Users/hashan/.local/share/mise/installs/ruby/3.4.7/lib/ruby/gems/3.4.0/gems/activesupport-8.1.2/lib/active_support/inflector/methods.rb:290:in 'Module#const_get'
	from /Users/hashan/.local/share/mise/installs/ruby/3.4.7/lib/ruby/gems/3.4.0/gems/activesupport-8.1.2/lib/active_support/inflector/methods.rb:290:in 'ActiveSupport::Inflector#constantize'
	from /Users/hashan/.local/share/mise/installs/ruby/3.4.7/lib/ruby/gems/3.4.0/gems/activesupport-8.1.2/lib/active_support/core_ext/string/inflections.rb:74:in 'String#constantize'
	from /Users/hashan/.local/share/mise/installs/ruby/3.4.7/lib/ruby/gems/3.4.0/gems/devise-5.0.0/lib/devise.rb:331:in 'Devise::Getter#get'
	from /Users/hashan/.local/share/mise/installs/ruby/3.4.7/lib/ruby/gems/3.4.0/gems/devise-5.0.0/lib/devise/mapping.rb:83:in 'Devise::Mapping#to'
	from /Users/hashan/.local/share/mise/installs/ruby/3.4.7/lib/ruby/gems/3.4.0/gems/devise-5.0.0/lib/devise/mapping.rb:78:in 'Devise::Mapping#modules'
	from /Users/hashan/.local/share/mise/installs/ruby/3.4.7/lib/ruby/gems/3.4.0/gems/devise-5.0.0/lib/devise/mapping.rb:95:in 'Devise::Mapping#routes'
	from /Users/hashan/.local/share/mise/installs/ruby/3.4.7/lib/ruby/gems/3.4.0/gems/devise-5.0.0/lib/devise/mapping.rb:162:in 'Devise::Mapping#default_used_route'
	from /Users/hashan/.local/share/mise/installs/ruby/3.4.7/lib/ruby/gems/3.4.0/gems/devise-5.0.0/lib/devise/mapping.rb:72:in 'Devise::Mapping#initialize'
	from /Users/hashan/.local/share/mise/installs/ruby/3.4.7/lib/ruby/gems/3.4.0/gems/devise-5.0.0/lib/devise.rb:365:in 'Class#new'
	from /Users/hashan/.local/share/mise/installs/ruby/3.4.7/lib/ruby/gems/3.4.0/gems/devise-5.0.0/lib/devise.rb:365:in 'Devise.add_mapping'
	from /Users/hashan/.local/share/mise/installs/ruby/3.4.7/lib/ruby/gems/3.4.0/gems/devise-5.0.0/lib/devise/rails/routes.rb:242:in 'block in ActionDispatch::Routing::Mapper#devise_for'
	from /Users/hashan/.local/share/mise/installs/ruby/3.4.7/lib/ruby/gems/3.4.0/gems/devise-5.0.0/lib/devise/rails/routes.rb:241:in 'Array#each'
	from /Users/hashan/.local/share/mise/installs/ruby/3.4.7/lib/ruby/gems/3.4.0/gems/devise-5.0.0/lib/devise/rails/routes.rb:241:in 'ActionDispatch::Routing::Mapper#devise_for'
	from /Users/hashan/Development/multimediary/backend/config/routes.rb:34:in 'block (4 levels) in <main>'
	from /Users/hashan/.local/share/mise/installs/ruby/3.4.7/lib/ruby/gems/3.4.0/gems/actionpack-8.1.2/lib/action_dispatch/routing/mapper.rb:1039:in 'ActionDispatch::Routing::Mapper::Scoping#scope'
	from /Users/hashan/.local/share/mise/installs/ruby/3.4.7/lib/ruby/gems/3.4.0/gems/actionpack-8.1.2/lib/action_dispatch/routing/mapper.rb:1114:in 'block in ActionDispatch::Routing::Mapper::Scoping#namespace'
	from /Users/hashan/.local/share/mise/installs/ruby/3.4.7/lib/ruby/gems/3.4.0/gems/actionpack-8.1.2/lib/action_dispatch/routing/mapper.rb:2126:in 'ActionDispatch::Routing::Mapper::Resources#path_scope'
	from /Users/hashan/.local/share/mise/installs/ruby/3.4.7/lib/ruby/gems/3.4.0/gems/actionpack-8.1.2/lib/action_dispatch/routing/mapper.rb:1113:in 'ActionDispatch::Routing::Mapper::Scoping#namespace'
	from /Users/hashan/.local/share/mise/installs/ruby/3.4.7/lib/ruby/gems/3.4.0/gems/actionpack-8.1.2/lib/action_dispatch/routing/mapper.rb:1779:in 'ActionDispatch::Routing::Mapper::Resources#namespace'
	from /Users/hashan/Development/multimediary/backend/config/routes.rb:31:in 'block (3 levels) in <main>'
	from /Users/hashan/.local/share/mise/installs/ruby/3.4.7/lib/ruby/gems/3.4.0/gems/actionpack-8.1.2/lib/action_dispatch/routing/mapper.rb:1039:in 'ActionDispatch::Routing::Mapper::Scoping#scope'
	from /Users/hashan/.local/share/mise/installs/ruby/3.4.7/lib/ruby/gems/3.4.0/gems/actionpack-8.1.2/lib/action_dispatch/routing/mapper.rb:1114:in 'block in ActionDispatch::Routing::Mapper::Scoping#namespace'
	from /Users/hashan/.local/share/mise/installs/ruby/3.4.7/lib/ruby/gems/3.4.0/gems/actionpack-8.1.2/lib/action_dispatch/routing/mapper.rb:2126:in 'ActionDispatch::Routing::Mapper::Resources#path_scope'
	from /Users/hashan/.local/share/mise/installs/ruby/3.4.7/lib/ruby/gems/3.4.0/gems/actionpack-8.1.2/lib/action_dispatch/routing/mapper.rb:1113:in 'ActionDispatch::Routing::Mapper::Scoping#namespace'
	from /Users/hashan/.local/share/mise/installs/ruby/3.4.7/lib/ruby/gems/3.4.0/gems/actionpack-8.1.2/lib/action_dispatch/routing/mapper.rb:1779:in 'ActionDispatch::Routing::Mapper::Resources#namespace'
	from /Users/hashan/Development/multimediary/backend/config/routes.rb:17:in 'block (2 levels) in <main>'
	from /Users/hashan/.local/share/mise/installs/ruby/3.4.7/lib/ruby/gems/3.4.0/gems/actionpack-8.1.2/lib/action_dispatch/routing/mapper.rb:1039:in 'ActionDispatch::Routing::Mapper::Scoping#scope'
	from /Users/hashan/.local/share/mise/installs/ruby/3.4.7/lib/ruby/gems/3.4.0/gems/actionpack-8.1.2/lib/action_dispatch/routing/mapper.rb:1114:in 'block in ActionDispatch::Routing::Mapper::Scoping#namespace'
	from /Users/hashan/.local/share/mise/installs/ruby/3.4.7/lib/ruby/gems/3.4.0/gems/actionpack-8.1.2/lib/action_dispatch/routing/mapper.rb:2126:in 'ActionDispatch::Routing::Mapper::Resources#path_scope'
	from /Users/hashan/.local/share/mise/installs/ruby/3.4.7/lib/ruby/gems/3.4.0/gems/actionpack-8.1.2/lib/action_dispatch/routing/mapper.rb:1113:in 'ActionDispatch::Routing::Mapper::Scoping#namespace'
	from /Users/hashan/.local/share/mise/installs/ruby/3.4.7/lib/ruby/gems/3.4.0/gems/actionpack-8.1.2/lib/action_dispatch/routing/mapper.rb:1779:in 'ActionDispatch::Routing::Mapper::Resources#namespace'
	from /Users/hashan/Development/multimediary/backend/config/routes.rb:16:in 'block in <main>'
	from /Users/hashan/.local/share/mise/installs/ruby/3.4.7/lib/ruby/gems/3.4.0/gems/actionpack-8.1.2/lib/action_dispatch/routing/route_set.rb:477:in 'BasicObject#instance_exec'
	from /Users/hashan/.local/share/mise/installs/ruby/3.4.7/lib/ruby/gems/3.4.0/gems/actionpack-8.1.2/lib/action_dispatch/routing/route_set.rb:477:in 'ActionDispatch::Routing::RouteSet#eval_block'
	from /Users/hashan/.local/share/mise/installs/ruby/3.4.7/lib/ruby/gems/3.4.0/gems/actionpack-8.1.2/lib/action_dispatch/routing/route_set.rb:459:in 'ActionDispatch::Routing::RouteSet#draw'
	from /Users/hashan/.local/share/mise/installs/ruby/3.4.7/lib/ruby/gems/3.4.0/gems/railties-8.1.2/lib/rails/engine/lazy_route_set.rb:70:in 'Rails::Engine::LazyRouteSet#draw'
	from /Users/hashan/Development/multimediary/backend/config/routes.rb:14:in '<main>'
	from /Users/hashan/.local/share/mise/installs/ruby/3.4.7/lib/ruby/gems/3.4.0/gems/railties-8.1.2/lib/rails/application/routes_reloader.rb:63:in 'Kernel#load'
	from /Users/hashan/.local/share/mise/installs/ruby/3.4.7/lib/ruby/gems/3.4.0/gems/railties-8.1.2/lib/rails/application/routes_reloader.rb:63:in 'block in Rails::Application::RoutesReloader#load_paths'
	from /Users/hashan/.local/share/mise/installs/ruby/3.4.7/lib/ruby/gems/3.4.0/gems/railties-8.1.2/lib/rails/application/routes_reloader.rb:63:in 'Array#each'
	from /Users/hashan/.local/share/mise/installs/ruby/3.4.7/lib/ruby/gems/3.4.0/gems/railties-8.1.2/lib/rails/application/routes_reloader.rb:63:in 'Rails::Application::RoutesReloader#load_paths'
	from /Users/hashan/.local/share/mise/installs/ruby/3.4.7/lib/ruby/gems/3.4.0/gems/railties-8.1.2/lib/rails/application/routes_reloader.rb:24:in 'Rails::Application::RoutesReloader#reload!'
	from /Users/hashan/.local/share/mise/installs/ruby/3.4.7/lib/ruby/gems/3.4.0/gems/railties-8.1.2/lib/rails/application/routes_reloader.rb:51:in 'block in Rails::Application::RoutesReloader#updater'
	from /Users/hashan/.local/share/mise/installs/ruby/3.4.7/lib/ruby/gems/3.4.0/gems/activesupport-8.1.2/lib/active_support/file_update_checker.rb:88:in 'ActiveSupport::FileUpdateChecker#execute'
	from /Users/hashan/.local/share/mise/installs/ruby/3.4.7/lib/ruby/gems/3.4.0/gems/railties-8.1.2/lib/rails/application/routes_reloader.rb:33:in 'Rails::Application::RoutesReloader#execute'
	from /Users/hashan/.local/share/mise/installs/ruby/3.4.7/lib/ruby/gems/3.4.0/gems/railties-8.1.2/lib/rails/application/routes_reloader.rb:38:in 'Rails::Application::RoutesReloader#execute_unless_loaded'
	from /Users/hashan/.local/share/mise/installs/ruby/3.4.7/lib/ruby/gems/3.4.0/gems/railties-8.1.2/lib/rails/application.rb:159:in 'Rails::Application#reload_routes!'
	from /Users/hashan/.local/share/mise/installs/ruby/3.4.7/lib/ruby/gems/3.4.0/gems/devise-jwt-0.13.0/lib/devise/jwt/railtie.rb:13:in 'block (2 levels) in <class:Railtie>'
	from /Users/hashan/.local/share/mise/installs/ruby/3.4.7/lib/ruby/gems/3.4.0/gems/activesupport-8.1.2/lib/active_support/lazy_load_hooks.rb:94:in 'block in ActiveSupport::LazyLoadHooks#execute_hook'
	from /Users/hashan/.local/share/mise/installs/ruby/3.4.7/lib/ruby/gems/3.4.0/gems/activesupport-8.1.2/lib/active_support/lazy_load_hooks.rb:87:in 'ActiveSupport::LazyLoadHooks#with_execution_control'
	from /Users/hashan/.local/share/mise/installs/ruby/3.4.7/lib/ruby/gems/3.4.0/gems/activesupport-8.1.2/lib/active_support/lazy_load_hooks.rb:92:in 'ActiveSupport::LazyLoadHooks#execute_hook'
	from /Users/hashan/.local/share/mise/installs/ruby/3.4.7/lib/ruby/gems/3.4.0/gems/activesupport-8.1.2/lib/active_support/lazy_load_hooks.rb:78:in 'block in ActiveSupport::LazyLoadHooks#run_load_hooks'
	from /Users/hashan/.local/share/mise/installs/ruby/3.4.7/lib/ruby/gems/3.4.0/gems/activesupport-8.1.2/lib/active_support/lazy_load_hooks.rb:77:in 'Array#each'
	from /Users/hashan/.local/share/mise/installs/ruby/3.4.7/lib/ruby/gems/3.4.0/gems/activesupport-8.1.2/lib/active_support/lazy_load_hooks.rb:77:in 'ActiveSupport::LazyLoadHooks#run_load_hooks'
	from /Users/hashan/.local/share/mise/installs/ruby/3.4.7/lib/ruby/gems/3.4.0/gems/railties-8.1.2/lib/rails/application/finisher.rb:93:in 'block in <module:Finisher>'
	from /Users/hashan/.local/share/mise/installs/ruby/3.4.7/lib/ruby/gems/3.4.0/gems/railties-8.1.2/lib/rails/initializable.rb:24:in 'BasicObject#instance_exec'
	from /Users/hashan/.local/share/mise/installs/ruby/3.4.7/lib/ruby/gems/3.4.0/gems/railties-8.1.2/lib/rails/initializable.rb:24:in 'Rails::Initializable::Initializer#run'
	from /Users/hashan/.local/share/mise/installs/ruby/3.4.7/lib/ruby/gems/3.4.0/gems/railties-8.1.2/lib/rails/initializable.rb:103:in 'block in Rails::Initializable#run_initializers'
	from /Users/hashan/.local/share/mise/installs/ruby/3.4.7/lib/ruby/gems/3.4.0/gems/tsort-0.2.0/lib/tsort.rb:231:in 'block in TSort.tsort_each'
	from /Users/hashan/.local/share/mise/installs/ruby/3.4.7/lib/ruby/gems/3.4.0/gems/tsort-0.2.0/lib/tsort.rb:353:in 'block (2 levels) in TSort.each_strongly_connected_component'
	from /Users/hashan/.local/share/mise/installs/ruby/3.4.7/lib/ruby/gems/3.4.0/gems/tsort-0.2.0/lib/tsort.rb:434:in 'TSort.each_strongly_connected_component_from'
	from /Users/hashan/.local/share/mise/installs/ruby/3.4.7/lib/ruby/gems/3.4.0/gems/tsort-0.2.0/lib/tsort.rb:352:in 'block in TSort.each_strongly_connected_component'
	from /Users/hashan/.local/share/mise/installs/ruby/3.4.7/lib/ruby/gems/3.4.0/gems/railties-8.1.2/lib/rails/initializable.rb:59:in 'Array#each'
	from /Users/hashan/.local/share/mise/installs/ruby/3.4.7/lib/ruby/gems/3.4.0/gems/railties-8.1.2/lib/rails/initializable.rb:59:in 'Rails::Initializable::Collection#each'
	from /Users/hashan/.local/share/mise/installs/ruby/3.4.7/lib/ruby/gems/3.4.0/gems/tsort-0.2.0/lib/tsort.rb:350:in 'Method#call'
	from /Users/hashan/.local/share/mise/installs/ruby/3.4.7/lib/ruby/gems/3.4.0/gems/tsort-0.2.0/lib/tsort.rb:350:in 'TSort.each_strongly_connected_component'
	from /Users/hashan/.local/share/mise/installs/ruby/3.4.7/lib/ruby/gems/3.4.0/gems/tsort-0.2.0/lib/tsort.rb:229:in 'TSort.tsort_each'
	from /Users/hashan/.local/share/mise/installs/ruby/3.4.7/lib/ruby/gems/3.4.0/gems/tsort-0.2.0/lib/tsort.rb:208:in 'TSort#tsort_each'
	from /Users/hashan/.local/share/mise/installs/ruby/3.4.7/lib/ruby/gems/3.4.0/gems/railties-8.1.2/lib/rails/initializable.rb:102:in 'Rails::Initializable#run_initializers'
	from /Users/hashan/.local/share/mise/installs/ruby/3.4.7/lib/ruby/gems/3.4.0/gems/railties-8.1.2/lib/rails/application.rb:442:in 'Rails::Application#initialize!'
	from /Users/hashan/Development/multimediary/backend/config/environment.rb:5:in '<main>'
	from /Users/hashan/.local/share/mise/installs/ruby/3.4.7/lib/ruby/3.4.0/bundled_gems.rb:82:in 'Kernel.require'
	from /Users/hashan/.local/share/mise/installs/ruby/3.4.7/lib/ruby/3.4.0/bundled_gems.rb:82:in 'block (2 levels) in Kernel#replace_require'
	from /Users/hashan/.local/share/mise/installs/ruby/3.4.7/lib/ruby/gems/3.4.0/gems/bootsnap-1.21.1/lib/bootsnap/load_path_cache/core_ext/kernel_require.rb:33:in 'Kernel#require'
	from /Users/hashan/.local/share/mise/installs/ruby/3.4.7/lib/ruby/gems/3.4.0/gems/zeitwerk-2.7.4/lib/zeitwerk/core_ext/kernel.rb:34:in 'Kernel#require'
	from /Users/hashan/.local/share/mise/installs/ruby/3.4.7/lib/ruby/gems/3.4.0/gems/railties-8.1.2/lib/rails/application.rb:418:in 'Rails::Application#require_environment!'
	from /Users/hashan/.local/share/mise/installs/ruby/3.4.7/lib/ruby/gems/3.4.0/gems/railties-8.1.2/lib/rails/command/actions.rb:20:in 'Rails::Command::Actions#boot_application!'
	from /Users/hashan/.local/share/mise/installs/ruby/3.4.7/lib/ruby/gems/3.4.0/gems/railties-8.1.2/lib/rails/commands/routes/routes_command.rb:25:in 'Rails::Command::RoutesCommand#perform'
	from /Users/hashan/.local/share/mise/installs/ruby/3.4.7/lib/ruby/gems/3.4.0/gems/thor-1.5.0/lib/thor/command.rb:28:in 'Thor::Command#run'
	from /Users/hashan/.local/share/mise/installs/ruby/3.4.7/lib/ruby/gems/3.4.0/gems/thor-1.5.0/lib/thor/invocation.rb:127:in 'Thor::Invocation#invoke_command'
	from /Users/hashan/.local/share/mise/installs/ruby/3.4.7/lib/ruby/gems/3.4.0/gems/railties-8.1.2/lib/rails/command/base.rb:176:in 'Rails::Command::Base#invoke_command'
	from /Users/hashan/.local/share/mise/installs/ruby/3.4.7/lib/ruby/gems/3.4.0/gems/railties-8.1.2/lib/rails/commands/routes/routes_command.rb:18:in 'Rails::Command::RoutesCommand#invoke_command'
	from /Users/hashan/.local/share/mise/installs/ruby/3.4.7/lib/ruby/gems/3.4.0/gems/thor-1.5.0/lib/thor.rb:538:in 'Thor.dispatch'
	from /Users/hashan/.local/share/mise/installs/ruby/3.4.7/lib/ruby/gems/3.4.0/gems/railties-8.1.2/lib/rails/command/base.rb:71:in 'Rails::Command::Base.perform'
	from /Users/hashan/.local/share/mise/installs/ruby/3.4.7/lib/ruby/gems/3.4.0/gems/railties-8.1.2/lib/rails/command.rb:65:in 'block in Rails::Command.invoke'
	from /Users/hashan/.local/share/mise/installs/ruby/3.4.7/lib/ruby/gems/3.4.0/gems/railties-8.1.2/lib/rails/command.rb:143:in 'Rails::Command.with_argv'
	from /Users/hashan/.local/share/mise/installs/ruby/3.4.7/lib/ruby/gems/3.4.0/gems/railties-8.1.2/lib/rails/command.rb:63:in 'Rails::Command.invoke'
	from /Users/hashan/.local/share/mise/installs/ruby/3.4.7/lib/ruby/gems/3.4.0/gems/railties-8.1.2/lib/rails/commands.rb:18:in '<main>'
	from /Users/hashan/.local/share/mise/installs/ruby/3.4.7/lib/ruby/3.4.0/bundled_gems.rb:82:in 'Kernel.require'
	from /Users/hashan/.local/share/mise/installs/ruby/3.4.7/lib/ruby/3.4.0/bundled_gems.rb:82:in 'block (2 levels) in Kernel#replace_require'
	from /Users/hashan/.local/share/mise/installs/ruby/3.4.7/lib/ruby/gems/3.4.0/gems/bootsnap-1.21.1/lib/bootsnap/load_path_cache/core_ext/kernel_require.rb:33:in 'Kernel#require'
	from bin/rails:4:in '<main>'
